#
# There is insufficient memory for the Java Runtime Environment to continue.
# Native memory allocation (malloc) failed to allocate 112176 bytes for Chunk::new
# Possible reasons:
#   The system is out of physical RAM or swap space
#   The process is running with CompressedOops enabled, and the Java Heap may be blocking the growth of the native heap
# Possible solutions:
#   Reduce memory load on the system
#   Increase physical memory or swap space
#   Check if swap backing store is full
#   Decrease Java heap size (-Xmx/-Xms)
#   Decrease number of Java threads
#   Decrease Java thread stack sizes (-Xss)
#   Set larger code cache with -XX:ReservedCodeCacheSize=
#   JVM is running with Zero Based Compressed Oops mode in which the Java heap is
#     placed in the first 32GB address space. The Java Heap base address is the
#     maximum limit for the native heap growth. Please use -XX:HeapBaseMinAddress
#     to set the Java Heap base and to place the Java Heap above 32GB virtual address.
# This output file may be truncated or incomplete.
#
#  Out of Memory Error (arena.cpp:168), pid=30464, tid=11624
#
# JRE version: Java(TM) SE Runtime Environment (21.0.1+12) (build 21.0.1+12-LTS-29)
# Java VM: Java HotSpot(TM) 64-Bit Server VM (21.0.1+12-LTS-29, mixed mode, sharing, tiered, compressed oops, compressed class ptrs, g1 gc, windows-amd64)
# No core dump will be written. Minidumps are not enabled by default on client versions of Windows
#

---------------  S U M M A R Y ------------

Command Line: -Dfile.encoding=UTF-8 -Dstdout.encoding=UTF-8 -Dstderr.encoding=UTF-8 -XX:+ShowCodeDetailsInExceptionMessages com.talent.EsunSprintBootApplication

Host: Intel(R) Core(TM) i7-10750H CPU @ 2.60GHz, 12 cores, 15G,  Windows 11 , 64 bit Build 22621 (10.0.22621.3672)
Time: Sat Jun 22 11:47:57 2024  Windows 11 , 64 bit Build 22621 (10.0.22621.3672) elapsed time: 0.842184 seconds (0d 0h 0m 0s)

---------------  T H R E A D  ---------------

Current thread (0x000001aa4e164c10):  JavaThread "C2 CompilerThread0" daemon [_thread_in_native, id=11624, stack(0x0000008786e00000,0x0000008786f00000) (1024K)]


Current CompileTask:
C2:    842 2085       4       org.springframework.asm.ClassReader::readUtf (161 bytes)

Stack: [0x0000008786e00000,0x0000008786f00000]
Native frames: (J=compiled Java code, j=interpreted, Vv=VM code, C=native code)
V  [jvm.dll+0x6c9029]
V  [jvm.dll+0x854b81]
V  [jvm.dll+0x856e5e]
V  [jvm.dll+0x857543]
V  [jvm.dll+0x280c06]
V  [jvm.dll+0xc3ead]
V  [jvm.dll+0xc43c3]
V  [jvm.dll+0x2f3f3f]
V  [jvm.dll+0x5f40a6]
V  [jvm.dll+0x252bef]
V  [jvm.dll+0x252fbf]
V  [jvm.dll+0x24b734]
V  [jvm.dll+0x248fa3]
V  [jvm.dll+0x1c9ca1]
V  [jvm.dll+0x2586b9]
V  [jvm.dll+0x256c9a]
V  [jvm.dll+0x3ef1b6]
V  [jvm.dll+0x7fd728]
V  [jvm.dll+0x6c777d]
C  [ucrtbase.dll+0x29333]
C  [KERNEL32.DLL+0x1257d]
C  [ntdll.dll+0x5af28]


---------------  P R O C E S S  ---------------

Threads class SMR info:
_java_thread_list=0x000001aa94e17b50, length=13, elements={
0x000001aa2c0b86a0, 0x000001aa4e151e50, 0x000001aa4e153a90, 0x000001aa4e157570,
0x000001aa4e1591e0, 0x000001aa4e15d3f0, 0x000001aa4e161e20, 0x000001aa4e164c10,
0x000001aa4e16a370, 0x000001aa4e2ef060, 0x000001aa4e3038c0, 0x000001aa4e524ef0,
0x000001aa4e526360
}

Java Threads: ( => current thread )
  0x000001aa2c0b86a0 JavaThread "main"                              [_thread_in_Java, id=2052, stack(0x0000008786000000,0x0000008786100000) (1024K)]
  0x000001aa4e151e50 JavaThread "Reference Handler"          daemon [_thread_blocked, id=9596, stack(0x0000008786800000,0x0000008786900000) (1024K)]
  0x000001aa4e153a90 JavaThread "Finalizer"                  daemon [_thread_blocked, id=33264, stack(0x0000008786900000,0x0000008786a00000) (1024K)]
  0x000001aa4e157570 JavaThread "Signal Dispatcher"          daemon [_thread_blocked, id=32836, stack(0x0000008786a00000,0x0000008786b00000) (1024K)]
  0x000001aa4e1591e0 JavaThread "Attach Listener"            daemon [_thread_blocked, id=33776, stack(0x0000008786b00000,0x0000008786c00000) (1024K)]
  0x000001aa4e15d3f0 JavaThread "Service Thread"             daemon [_thread_blocked, id=30688, stack(0x0000008786c00000,0x0000008786d00000) (1024K)]
  0x000001aa4e161e20 JavaThread "Monitor Deflation Thread"   daemon [_thread_blocked, id=16884, stack(0x0000008786d00000,0x0000008786e00000) (1024K)]
=>0x000001aa4e164c10 JavaThread "C2 CompilerThread0"         daemon [_thread_in_native, id=11624, stack(0x0000008786e00000,0x0000008786f00000) (1024K)]
  0x000001aa4e16a370 JavaThread "C1 CompilerThread0"         daemon [_thread_blocked, id=27920, stack(0x0000008786f00000,0x0000008787000000) (1024K)]
  0x000001aa4e2ef060 JavaThread "Notification Thread"        daemon [_thread_blocked, id=1976, stack(0x0000008787000000,0x0000008787100000) (1024K)]
  0x000001aa4e3038c0 JavaThread "Common-Cleaner"             daemon [_thread_blocked, id=35688, stack(0x0000008787100000,0x0000008787200000) (1024K)]
  0x000001aa4e524ef0 JavaThread "C2 CompilerThread1"         daemon [_thread_in_native, id=10704, stack(0x0000008787200000,0x0000008787300000) (1024K)]
  0x000001aa4e526360 JavaThread "C2 CompilerThread2"         daemon [_thread_in_native, id=32176, stack(0x0000008787900000,0x0000008787a00000) (1024K)]
Total: 13

Other Threads:
  0x000001aa4b625590 VMThread "VM Thread"                           [id=8880, stack(0x0000008786700000,0x0000008786800000) (1024K)]
  0x000001aa4b60b8c0 WatcherThread "VM Periodic Task Thread"        [id=20188, stack(0x0000008786600000,0x0000008786700000) (1024K)]
  0x000001aa2eb8dcd0 WorkerThread "GC Thread#0"                     [id=34524, stack(0x0000008786100000,0x0000008786200000) (1024K)]
  0x000001aa942804c0 WorkerThread "GC Thread#1"                     [id=20056, stack(0x0000008787300000,0x0000008787400000) (1024K)]
  0x000001aa941ee980 WorkerThread "GC Thread#2"                     [id=34296, stack(0x0000008787400000,0x0000008787500000) (1024K)]
  0x000001aa941eed20 WorkerThread "GC Thread#3"                     [id=11608, stack(0x0000008787500000,0x0000008787600000) (1024K)]
  0x000001aa941ef0c0 WorkerThread "GC Thread#4"                     [id=12812, stack(0x0000008787600000,0x0000008787700000) (1024K)]
  0x000001aa94791040 WorkerThread "GC Thread#5"                     [id=4832, stack(0x0000008787700000,0x0000008787800000) (1024K)]
  0x000001aa94503560 WorkerThread "GC Thread#6"                     [id=19864, stack(0x0000008787a00000,0x0000008787b00000) (1024K)]
  0x000001aa945754c0 WorkerThread "GC Thread#7"                     [id=3160, stack(0x0000008787b00000,0x0000008787c00000) (1024K)]
  0x000001aa94b6c050 WorkerThread "GC Thread#8"                     [id=10668, stack(0x0000008787c00000,0x0000008787d00000) (1024K)]
  0x000001aa944b0180 WorkerThread "GC Thread#9"                     [id=32856, stack(0x0000008787d00000,0x0000008787e00000) (1024K)]
  0x000001aa4b434030 ConcurrentGCThread "G1 Main Marker"            [id=20100, stack(0x0000008786200000,0x0000008786300000) (1024K)]
  0x000001aa2eb9c4f0 WorkerThread "G1 Conc#0"                       [id=9236, stack(0x0000008786300000,0x0000008786400000) (1024K)]
  0x000001aa4b4d1bb0 ConcurrentGCThread "G1 Refine#0"               [id=7752, stack(0x0000008786400000,0x0000008786500000) (1024K)]
  0x000001aa4b4d2720 ConcurrentGCThread "G1 Service"                [id=10048, stack(0x0000008786500000,0x0000008786600000) (1024K)]
Total: 16

Threads with active compile tasks:
C2 CompilerThread0      907 2085       4       org.springframework.asm.ClassReader::readUtf (161 bytes)
C2 CompilerThread1      907 2265       4       java.util.Properties::loadConvert (540 bytes)
C2 CompilerThread2      907 2038       4       java.util.jar.JarFile::getEntry (35 bytes)
Total: 3

VM state: not at safepoint (normal execution)

VM Mutex/Monitor currently owned by a thread: None

Heap address: 0x0000000701600000, size: 4074 MB, Compressed Oops mode: Zero based, Oop shift amount: 3

CDS archive(s) mapped at: [0x000001aa4f000000-0x000001aa4fc90000-0x000001aa4fc90000), size 13172736, SharedBaseAddress: 0x000001aa4f000000, ArchiveRelocationMode: 1.
Compressed class space mapped at: 0x000001aa50000000-0x000001aa90000000, reserved size: 1073741824
Narrow klass base: 0x000001aa4f000000, Narrow klass shift: 0, Narrow klass range: 0x100000000

GC Precious Log:
 CardTable entry size: 512
 Card Set container configuration: InlinePtr #cards 4 size 8 Array Of Cards #cards 16 size 48 Howl #buckets 8 coarsen threshold 3686 Howl Bitmap #cards 512 size 80 coarsen threshold 460 Card regions per heap region 1 cards per card region 4096
 CPUs: 12 total, 12 available
 Memory: 16291M
 Large Page Support: Disabled
 NUMA Support: Disabled
 Compressed Oops: Enabled (Zero based)
 Heap Region Size: 2M
 Heap Min Capacity: 8M
 Heap Initial Capacity: 256M
 Heap Max Capacity: 4074M
 Pre-touch: Disabled
 Parallel Workers: 10
 Concurrent Workers: 3
 Concurrent Refinement Workers: 10
 Periodic GC: Disabled

Heap:
 garbage-first heap   total 262144K, used 34031K [0x0000000701600000, 0x0000000800000000)
  region size 2048K, 15 young (30720K), 2 survivors (4096K)
 Metaspace       used 17800K, committed 18112K, reserved 1114112K
  class space    used 2156K, committed 2304K, reserved 1048576K

Heap Regions: E=young(eden), S=young(survivor), O=old, HS=humongous(starts), HC=humongous(continues), CS=collection set, F=free, TAMS=top-at-mark-start, PB=parsable bottom
|   0|0x0000000701600000, 0x0000000701800000, 0x0000000701800000|100%| O|  |TAMS 0x0000000701600000| PB 0x0000000701600000| Untracked 
|   1|0x0000000701800000, 0x0000000701a00000, 0x0000000701a00000|100%| O|  |TAMS 0x0000000701800000| PB 0x0000000701800000| Untracked 
|   2|0x0000000701a00000, 0x0000000701c00000, 0x0000000701c00000|100%| O|  |TAMS 0x0000000701a00000| PB 0x0000000701a00000| Untracked 
|   3|0x0000000701c00000, 0x0000000701cfcc78, 0x0000000701e00000| 49%| O|  |TAMS 0x0000000701c00000| PB 0x0000000701c00000| Untracked 
|   4|0x0000000701e00000, 0x0000000701e00000, 0x0000000702000000|  0%| F|  |TAMS 0x0000000701e00000| PB 0x0000000701e00000| Untracked 
|   5|0x0000000702000000, 0x0000000702000000, 0x0000000702200000|  0%| F|  |TAMS 0x0000000702000000| PB 0x0000000702000000| Untracked 
|   6|0x0000000702200000, 0x0000000702200000, 0x0000000702400000|  0%| F|  |TAMS 0x0000000702200000| PB 0x0000000702200000| Untracked 
|   7|0x0000000702400000, 0x0000000702400000, 0x0000000702600000|  0%| F|  |TAMS 0x0000000702400000| PB 0x0000000702400000| Untracked 
|   8|0x0000000702600000, 0x0000000702600000, 0x0000000702800000|  0%| F|  |TAMS 0x0000000702600000| PB 0x0000000702600000| Untracked 
|   9|0x0000000702800000, 0x0000000702800000, 0x0000000702a00000|  0%| F|  |TAMS 0x0000000702800000| PB 0x0000000702800000| Untracked 
|  10|0x0000000702a00000, 0x0000000702a00000, 0x0000000702c00000|  0%| F|  |TAMS 0x0000000702a00000| PB 0x0000000702a00000| Untracked 
|  11|0x0000000702c00000, 0x0000000702c00000, 0x0000000702e00000|  0%| F|  |TAMS 0x0000000702c00000| PB 0x0000000702c00000| Untracked 
|  12|0x0000000702e00000, 0x0000000702e00000, 0x0000000703000000|  0%| F|  |TAMS 0x0000000702e00000| PB 0x0000000702e00000| Untracked 
|  13|0x0000000703000000, 0x0000000703000000, 0x0000000703200000|  0%| F|  |TAMS 0x0000000703000000| PB 0x0000000703000000| Untracked 
|  14|0x0000000703200000, 0x0000000703200000, 0x0000000703400000|  0%| F|  |TAMS 0x0000000703200000| PB 0x0000000703200000| Untracked 
|  15|0x0000000703400000, 0x0000000703400000, 0x0000000703600000|  0%| F|  |TAMS 0x0000000703400000| PB 0x0000000703400000| Untracked 
|  16|0x0000000703600000, 0x0000000703600000, 0x0000000703800000|  0%| F|  |TAMS 0x0000000703600000| PB 0x0000000703600000| Untracked 
|  17|0x0000000703800000, 0x0000000703800000, 0x0000000703a00000|  0%| F|  |TAMS 0x0000000703800000| PB 0x0000000703800000| Untracked 
|  18|0x0000000703a00000, 0x0000000703a00000, 0x0000000703c00000|  0%| F|  |TAMS 0x0000000703a00000| PB 0x0000000703a00000| Untracked 
|  19|0x0000000703c00000, 0x0000000703c00000, 0x0000000703e00000|  0%| F|  |TAMS 0x0000000703c00000| PB 0x0000000703c00000| Untracked 
|  20|0x0000000703e00000, 0x0000000703e00000, 0x0000000704000000|  0%| F|  |TAMS 0x0000000703e00000| PB 0x0000000703e00000| Untracked 
|  21|0x0000000704000000, 0x0000000704000000, 0x0000000704200000|  0%| F|  |TAMS 0x0000000704000000| PB 0x0000000704000000| Untracked 
|  22|0x0000000704200000, 0x0000000704200000, 0x0000000704400000|  0%| F|  |TAMS 0x0000000704200000| PB 0x0000000704200000| Untracked 
|  23|0x0000000704400000, 0x0000000704400000, 0x0000000704600000|  0%| F|  |TAMS 0x0000000704400000| PB 0x0000000704400000| Untracked 
|  24|0x0000000704600000, 0x0000000704600000, 0x0000000704800000|  0%| F|  |TAMS 0x0000000704600000| PB 0x0000000704600000| Untracked 
|  25|0x0000000704800000, 0x0000000704800000, 0x0000000704a00000|  0%| F|  |TAMS 0x0000000704800000| PB 0x0000000704800000| Untracked 
|  26|0x0000000704a00000, 0x0000000704a00000, 0x0000000704c00000|  0%| F|  |TAMS 0x0000000704a00000| PB 0x0000000704a00000| Untracked 
|  27|0x0000000704c00000, 0x0000000704c00000, 0x0000000704e00000|  0%| F|  |TAMS 0x0000000704c00000| PB 0x0000000704c00000| Untracked 
|  28|0x0000000704e00000, 0x0000000704e00000, 0x0000000705000000|  0%| F|  |TAMS 0x0000000704e00000| PB 0x0000000704e00000| Untracked 
|  29|0x0000000705000000, 0x0000000705000000, 0x0000000705200000|  0%| F|  |TAMS 0x0000000705000000| PB 0x0000000705000000| Untracked 
|  30|0x0000000705200000, 0x0000000705200000, 0x0000000705400000|  0%| F|  |TAMS 0x0000000705200000| PB 0x0000000705200000| Untracked 
|  31|0x0000000705400000, 0x0000000705400000, 0x0000000705600000|  0%| F|  |TAMS 0x0000000705400000| PB 0x0000000705400000| Untracked 
|  32|0x0000000705600000, 0x0000000705600000, 0x0000000705800000|  0%| F|  |TAMS 0x0000000705600000| PB 0x0000000705600000| Untracked 
|  33|0x0000000705800000, 0x0000000705800000, 0x0000000705a00000|  0%| F|  |TAMS 0x0000000705800000| PB 0x0000000705800000| Untracked 
|  34|0x0000000705a00000, 0x0000000705a00000, 0x0000000705c00000|  0%| F|  |TAMS 0x0000000705a00000| PB 0x0000000705a00000| Untracked 
|  35|0x0000000705c00000, 0x0000000705c00000, 0x0000000705e00000|  0%| F|  |TAMS 0x0000000705c00000| PB 0x0000000705c00000| Untracked 
|  36|0x0000000705e00000, 0x0000000705e00000, 0x0000000706000000|  0%| F|  |TAMS 0x0000000705e00000| PB 0x0000000705e00000| Untracked 
|  37|0x0000000706000000, 0x0000000706000000, 0x0000000706200000|  0%| F|  |TAMS 0x0000000706000000| PB 0x0000000706000000| Untracked 
|  38|0x0000000706200000, 0x0000000706200000, 0x0000000706400000|  0%| F|  |TAMS 0x0000000706200000| PB 0x0000000706200000| Untracked 
|  39|0x0000000706400000, 0x0000000706400000, 0x0000000706600000|  0%| F|  |TAMS 0x0000000706400000| PB 0x0000000706400000| Untracked 
|  40|0x0000000706600000, 0x0000000706600000, 0x0000000706800000|  0%| F|  |TAMS 0x0000000706600000| PB 0x0000000706600000| Untracked 
|  41|0x0000000706800000, 0x0000000706800000, 0x0000000706a00000|  0%| F|  |TAMS 0x0000000706800000| PB 0x0000000706800000| Untracked 
|  42|0x0000000706a00000, 0x0000000706a00000, 0x0000000706c00000|  0%| F|  |TAMS 0x0000000706a00000| PB 0x0000000706a00000| Untracked 
|  43|0x0000000706c00000, 0x0000000706c00000, 0x0000000706e00000|  0%| F|  |TAMS 0x0000000706c00000| PB 0x0000000706c00000| Untracked 
|  44|0x0000000706e00000, 0x0000000706e00000, 0x0000000707000000|  0%| F|  |TAMS 0x0000000706e00000| PB 0x0000000706e00000| Untracked 
|  45|0x0000000707000000, 0x0000000707000000, 0x0000000707200000|  0%| F|  |TAMS 0x0000000707000000| PB 0x0000000707000000| Untracked 
|  46|0x0000000707200000, 0x0000000707200000, 0x0000000707400000|  0%| F|  |TAMS 0x0000000707200000| PB 0x0000000707200000| Untracked 
|  47|0x0000000707400000, 0x0000000707400000, 0x0000000707600000|  0%| F|  |TAMS 0x0000000707400000| PB 0x0000000707400000| Untracked 
|  48|0x0000000707600000, 0x0000000707600000, 0x0000000707800000|  0%| F|  |TAMS 0x0000000707600000| PB 0x0000000707600000| Untracked 
|  49|0x0000000707800000, 0x0000000707800000, 0x0000000707a00000|  0%| F|  |TAMS 0x0000000707800000| PB 0x0000000707800000| Untracked 
|  50|0x0000000707a00000, 0x0000000707a00000, 0x0000000707c00000|  0%| F|  |TAMS 0x0000000707a00000| PB 0x0000000707a00000| Untracked 
|  51|0x0000000707c00000, 0x0000000707c00000, 0x0000000707e00000|  0%| F|  |TAMS 0x0000000707c00000| PB 0x0000000707c00000| Untracked 
|  52|0x0000000707e00000, 0x0000000707e00000, 0x0000000708000000|  0%| F|  |TAMS 0x0000000707e00000| PB 0x0000000707e00000| Untracked 
|  53|0x0000000708000000, 0x0000000708000000, 0x0000000708200000|  0%| F|  |TAMS 0x0000000708000000| PB 0x0000000708000000| Untracked 
|  54|0x0000000708200000, 0x0000000708200000, 0x0000000708400000|  0%| F|  |TAMS 0x0000000708200000| PB 0x0000000708200000| Untracked 
|  55|0x0000000708400000, 0x0000000708400000, 0x0000000708600000|  0%| F|  |TAMS 0x0000000708400000| PB 0x0000000708400000| Untracked 
|  56|0x0000000708600000, 0x0000000708600000, 0x0000000708800000|  0%| F|  |TAMS 0x0000000708600000| PB 0x0000000708600000| Untracked 
|  57|0x0000000708800000, 0x0000000708800000, 0x0000000708a00000|  0%| F|  |TAMS 0x0000000708800000| PB 0x0000000708800000| Untracked 
|  58|0x0000000708a00000, 0x0000000708a00000, 0x0000000708c00000|  0%| F|  |TAMS 0x0000000708a00000| PB 0x0000000708a00000| Untracked 
|  59|0x0000000708c00000, 0x0000000708c00000, 0x0000000708e00000|  0%| F|  |TAMS 0x0000000708c00000| PB 0x0000000708c00000| Untracked 
|  60|0x0000000708e00000, 0x0000000708e00000, 0x0000000709000000|  0%| F|  |TAMS 0x0000000708e00000| PB 0x0000000708e00000| Untracked 
|  61|0x0000000709000000, 0x0000000709000000, 0x0000000709200000|  0%| F|  |TAMS 0x0000000709000000| PB 0x0000000709000000| Untracked 
|  62|0x0000000709200000, 0x0000000709200000, 0x0000000709400000|  0%| F|  |TAMS 0x0000000709200000| PB 0x0000000709200000| Untracked 
|  63|0x0000000709400000, 0x0000000709400000, 0x0000000709600000|  0%| F|  |TAMS 0x0000000709400000| PB 0x0000000709400000| Untracked 
|  64|0x0000000709600000, 0x0000000709600000, 0x0000000709800000|  0%| F|  |TAMS 0x0000000709600000| PB 0x0000000709600000| Untracked 
|  65|0x0000000709800000, 0x0000000709800000, 0x0000000709a00000|  0%| F|  |TAMS 0x0000000709800000| PB 0x0000000709800000| Untracked 
|  66|0x0000000709a00000, 0x0000000709a00000, 0x0000000709c00000|  0%| F|  |TAMS 0x0000000709a00000| PB 0x0000000709a00000| Untracked 
|  67|0x0000000709c00000, 0x0000000709c00000, 0x0000000709e00000|  0%| F|  |TAMS 0x0000000709c00000| PB 0x0000000709c00000| Untracked 
|  68|0x0000000709e00000, 0x0000000709e00000, 0x000000070a000000|  0%| F|  |TAMS 0x0000000709e00000| PB 0x0000000709e00000| Untracked 
|  69|0x000000070a000000, 0x000000070a000000, 0x000000070a200000|  0%| F|  |TAMS 0x000000070a000000| PB 0x000000070a000000| Untracked 
|  70|0x000000070a200000, 0x000000070a200000, 0x000000070a400000|  0%| F|  |TAMS 0x000000070a200000| PB 0x000000070a200000| Untracked 
|  71|0x000000070a400000, 0x000000070a400000, 0x000000070a600000|  0%| F|  |TAMS 0x000000070a400000| PB 0x000000070a400000| Untracked 
|  72|0x000000070a600000, 0x000000070a600000, 0x000000070a800000|  0%| F|  |TAMS 0x000000070a600000| PB 0x000000070a600000| Untracked 
|  73|0x000000070a800000, 0x000000070a800000, 0x000000070aa00000|  0%| F|  |TAMS 0x000000070a800000| PB 0x000000070a800000| Untracked 
|  74|0x000000070aa00000, 0x000000070aa00000, 0x000000070ac00000|  0%| F|  |TAMS 0x000000070aa00000| PB 0x000000070aa00000| Untracked 
|  75|0x000000070ac00000, 0x000000070ac00000, 0x000000070ae00000|  0%| F|  |TAMS 0x000000070ac00000| PB 0x000000070ac00000| Untracked 
|  76|0x000000070ae00000, 0x000000070ae00000, 0x000000070b000000|  0%| F|  |TAMS 0x000000070ae00000| PB 0x000000070ae00000| Untracked 
|  77|0x000000070b000000, 0x000000070b000000, 0x000000070b200000|  0%| F|  |TAMS 0x000000070b000000| PB 0x000000070b000000| Untracked 
|  78|0x000000070b200000, 0x000000070b200000, 0x000000070b400000|  0%| F|  |TAMS 0x000000070b200000| PB 0x000000070b200000| Untracked 
|  79|0x000000070b400000, 0x000000070b400000, 0x000000070b600000|  0%| F|  |TAMS 0x000000070b400000| PB 0x000000070b400000| Untracked 
|  80|0x000000070b600000, 0x000000070b600000, 0x000000070b800000|  0%| F|  |TAMS 0x000000070b600000| PB 0x000000070b600000| Untracked 
|  81|0x000000070b800000, 0x000000070b800000, 0x000000070ba00000|  0%| F|  |TAMS 0x000000070b800000| PB 0x000000070b800000| Untracked 
|  82|0x000000070ba00000, 0x000000070ba00000, 0x000000070bc00000|  0%| F|  |TAMS 0x000000070ba00000| PB 0x000000070ba00000| Untracked 
|  83|0x000000070bc00000, 0x000000070bc00000, 0x000000070be00000|  0%| F|  |TAMS 0x000000070bc00000| PB 0x000000070bc00000| Untracked 
|  84|0x000000070be00000, 0x000000070be00000, 0x000000070c000000|  0%| F|  |TAMS 0x000000070be00000| PB 0x000000070be00000| Untracked 
|  85|0x000000070c000000, 0x000000070c000000, 0x000000070c200000|  0%| F|  |TAMS 0x000000070c000000| PB 0x000000070c000000| Untracked 
|  86|0x000000070c200000, 0x000000070c200000, 0x000000070c400000|  0%| F|  |TAMS 0x000000070c200000| PB 0x000000070c200000| Untracked 
|  87|0x000000070c400000, 0x000000070c400000, 0x000000070c600000|  0%| F|  |TAMS 0x000000070c400000| PB 0x000000070c400000| Untracked 
|  88|0x000000070c600000, 0x000000070c600000, 0x000000070c800000|  0%| F|  |TAMS 0x000000070c600000| PB 0x000000070c600000| Untracked 
|  89|0x000000070c800000, 0x000000070c800000, 0x000000070ca00000|  0%| F|  |TAMS 0x000000070c800000| PB 0x000000070c800000| Untracked 
|  90|0x000000070ca00000, 0x000000070ca00000, 0x000000070cc00000|  0%| F|  |TAMS 0x000000070ca00000| PB 0x000000070ca00000| Untracked 
|  91|0x000000070cc00000, 0x000000070cc00000, 0x000000070ce00000|  0%| F|  |TAMS 0x000000070cc00000| PB 0x000000070cc00000| Untracked 
|  92|0x000000070ce00000, 0x000000070ce00000, 0x000000070d000000|  0%| F|  |TAMS 0x000000070ce00000| PB 0x000000070ce00000| Untracked 
|  93|0x000000070d000000, 0x000000070d000000, 0x000000070d200000|  0%| F|  |TAMS 0x000000070d000000| PB 0x000000070d000000| Untracked 
|  94|0x000000070d200000, 0x000000070d200000, 0x000000070d400000|  0%| F|  |TAMS 0x000000070d200000| PB 0x000000070d200000| Untracked 
|  95|0x000000070d400000, 0x000000070d400000, 0x000000070d600000|  0%| F|  |TAMS 0x000000070d400000| PB 0x000000070d400000| Untracked 
|  96|0x000000070d600000, 0x000000070d600000, 0x000000070d800000|  0%| F|  |TAMS 0x000000070d600000| PB 0x000000070d600000| Untracked 
|  97|0x000000070d800000, 0x000000070d800000, 0x000000070da00000|  0%| F|  |TAMS 0x000000070d800000| PB 0x000000070d800000| Untracked 
|  98|0x000000070da00000, 0x000000070da00000, 0x000000070dc00000|  0%| F|  |TAMS 0x000000070da00000| PB 0x000000070da00000| Untracked 
|  99|0x000000070dc00000, 0x000000070dc00000, 0x000000070de00000|  0%| F|  |TAMS 0x000000070dc00000| PB 0x000000070dc00000| Untracked 
| 100|0x000000070de00000, 0x000000070de00000, 0x000000070e000000|  0%| F|  |TAMS 0x000000070de00000| PB 0x000000070de00000| Untracked 
| 101|0x000000070e000000, 0x000000070e000000, 0x000000070e200000|  0%| F|  |TAMS 0x000000070e000000| PB 0x000000070e000000| Untracked 
| 102|0x000000070e200000, 0x000000070e200000, 0x000000070e400000|  0%| F|  |TAMS 0x000000070e200000| PB 0x000000070e200000| Untracked 
| 103|0x000000070e400000, 0x000000070e400000, 0x000000070e600000|  0%| F|  |TAMS 0x000000070e400000| PB 0x000000070e400000| Untracked 
| 104|0x000000070e600000, 0x000000070e600000, 0x000000070e800000|  0%| F|  |TAMS 0x000000070e600000| PB 0x000000070e600000| Untracked 
| 105|0x000000070e800000, 0x000000070e800000, 0x000000070ea00000|  0%| F|  |TAMS 0x000000070e800000| PB 0x000000070e800000| Untracked 
| 106|0x000000070ea00000, 0x000000070ea00000, 0x000000070ec00000|  0%| F|  |TAMS 0x000000070ea00000| PB 0x000000070ea00000| Untracked 
| 107|0x000000070ec00000, 0x000000070ec00000, 0x000000070ee00000|  0%| F|  |TAMS 0x000000070ec00000| PB 0x000000070ec00000| Untracked 
| 108|0x000000070ee00000, 0x000000070ee00000, 0x000000070f000000|  0%| F|  |TAMS 0x000000070ee00000| PB 0x000000070ee00000| Untracked 
| 109|0x000000070f000000, 0x000000070f000000, 0x000000070f200000|  0%| F|  |TAMS 0x000000070f000000| PB 0x000000070f000000| Untracked 
| 110|0x000000070f200000, 0x000000070f200000, 0x000000070f400000|  0%| F|  |TAMS 0x000000070f200000| PB 0x000000070f200000| Untracked 
| 111|0x000000070f400000, 0x000000070f400000, 0x000000070f600000|  0%| F|  |TAMS 0x000000070f400000| PB 0x000000070f400000| Untracked 
| 112|0x000000070f600000, 0x000000070f63f2c0, 0x000000070f800000| 12%| S|CS|TAMS 0x000000070f600000| PB 0x000000070f600000| Complete 
| 113|0x000000070f800000, 0x000000070fa00000, 0x000000070fa00000|100%| S|CS|TAMS 0x000000070f800000| PB 0x000000070f800000| Complete 
| 114|0x000000070fa00000, 0x000000070fa00000, 0x000000070fc00000|  0%| F|  |TAMS 0x000000070fa00000| PB 0x000000070fa00000| Untracked 
| 115|0x000000070fc00000, 0x000000070fcc9ad8, 0x000000070fe00000| 39%| E|  |TAMS 0x000000070fc00000| PB 0x000000070fc00000| Complete 
| 116|0x000000070fe00000, 0x0000000710000000, 0x0000000710000000|100%| E|CS|TAMS 0x000000070fe00000| PB 0x000000070fe00000| Complete 
| 117|0x0000000710000000, 0x0000000710200000, 0x0000000710200000|100%| E|CS|TAMS 0x0000000710000000| PB 0x0000000710000000| Complete 
| 118|0x0000000710200000, 0x0000000710400000, 0x0000000710400000|100%| E|CS|TAMS 0x0000000710200000| PB 0x0000000710200000| Complete 
| 119|0x0000000710400000, 0x0000000710600000, 0x0000000710600000|100%| E|CS|TAMS 0x0000000710400000| PB 0x0000000710400000| Complete 
| 120|0x0000000710600000, 0x0000000710800000, 0x0000000710800000|100%| E|CS|TAMS 0x0000000710600000| PB 0x0000000710600000| Complete 
| 121|0x0000000710800000, 0x0000000710a00000, 0x0000000710a00000|100%| E|CS|TAMS 0x0000000710800000| PB 0x0000000710800000| Complete 
| 122|0x0000000710a00000, 0x0000000710c00000, 0x0000000710c00000|100%| E|CS|TAMS 0x0000000710a00000| PB 0x0000000710a00000| Complete 
| 123|0x0000000710c00000, 0x0000000710e00000, 0x0000000710e00000|100%| E|CS|TAMS 0x0000000710c00000| PB 0x0000000710c00000| Complete 
| 124|0x0000000710e00000, 0x0000000711000000, 0x0000000711000000|100%| E|CS|TAMS 0x0000000710e00000| PB 0x0000000710e00000| Complete 
| 125|0x0000000711000000, 0x0000000711200000, 0x0000000711200000|100%| E|CS|TAMS 0x0000000711000000| PB 0x0000000711000000| Complete 
| 126|0x0000000711200000, 0x0000000711400000, 0x0000000711400000|100%| E|CS|TAMS 0x0000000711200000| PB 0x0000000711200000| Complete 
| 127|0x0000000711400000, 0x0000000711600000, 0x0000000711600000|100%| E|CS|TAMS 0x0000000711400000| PB 0x0000000711400000| Complete 

Card table byte_map: [0x000001aa46c80000,0x000001aa47480000] _byte_map_base: 0x000001aa43475000

Marking Bits: (CMBitMap*) 0x000001aa2eb8e3d0
 Bits: [0x000001aa47480000, 0x000001aa4b428000)

Polling page: 0x000001aa2e2a0000

Metaspace:

Usage:
  Non-class:     15.30 MB used.
      Class:      2.11 MB used.
       Both:     17.41 MB used.

Virtual space:
  Non-class space:       64.00 MB reserved,      15.44 MB ( 24%) committed,  1 nodes.
      Class space:        1.00 GB reserved,       2.25 MB ( <1%) committed,  1 nodes.
             Both:        1.06 GB reserved,      17.69 MB (  2%) committed. 

Chunk freelists:
   Non-Class:  15.83 MB
       Class:  13.75 MB
        Both:  29.58 MB

MaxMetaspaceSize: unlimited
CompressedClassSpaceSize: 1.00 GB
Initial GC threshold: 21.00 MB
Current GC threshold: 21.00 MB
CDS: on
 - commit_granule_bytes: 65536.
 - commit_granule_words: 8192.
 - virtual_space_node_default_size: 8388608.
 - enlarge_chunks_in_place: 1.
 - use_allocation_guard: 0.


Internal statistics:

num_allocs_failed_limit: 0.
num_arena_births: 258.
num_arena_deaths: 0.
num_vsnodes_births: 2.
num_vsnodes_deaths: 0.
num_space_committed: 283.
num_space_uncommitted: 0.
num_chunks_returned_to_freelist: 0.
num_chunks_taken_from_freelist: 873.
num_chunk_merges: 0.
num_chunk_splits: 567.
num_chunks_enlarged: 410.
num_inconsistent_stats: 0.

CodeHeap 'non-profiled nmethods': size=120000Kb used=958Kb max_used=958Kb free=119041Kb
 bounds [0x000001aa3ea00000, 0x000001aa3ec70000, 0x000001aa45f30000]
CodeHeap 'profiled nmethods': size=120000Kb used=4417Kb max_used=4417Kb free=115582Kb
 bounds [0x000001aa36f30000, 0x000001aa37390000, 0x000001aa3e460000]
CodeHeap 'non-nmethods': size=5760Kb used=1426Kb max_used=1450Kb free=4333Kb
 bounds [0x000001aa3e460000, 0x000001aa3e6d0000, 0x000001aa3ea00000]
 total_blobs=2846 nmethods=2328 adapters=422
 compilation: enabled
              stopped_count=0, restarted_count=0
 full_count=0

Compilation events (20 events):
Event: 0.835 Thread 0x000001aa4e16a370 nmethod 2165 0x000001aa37319610 code [0x000001aa37319860, 0x000001aa3731a288]
Event: 0.835 Thread 0x000001aa4e16a370 2170       3       sun.reflect.annotation.AnnotationParser::parseArray (234 bytes)
Event: 0.836 Thread 0x000001aa4e16a370 nmethod 2170 0x000001aa3731a690 code [0x000001aa3731aa80, 0x000001aa3731bd28]
Event: 0.836 Thread 0x000001aa4e16a370 2177       2       java.util.HashMap::getNode (150 bytes)
Event: 0.836 Thread 0x000001aa4e16a370 nmethod 2177 0x000001aa3731c210 code [0x000001aa3731c420, 0x000001aa3731c8f8]
Event: 0.836 Thread 0x000001aa4e16a370 2178  s    3       java.io.ByteArrayOutputStream::write (43 bytes)
Event: 0.836 Thread 0x000001aa4e16a370 nmethod 2178 0x000001aa3731cb10 code [0x000001aa3731cd00, 0x000001aa3731d1c0]
Event: 0.836 Thread 0x000001aa4e16a370 2171       3       java.lang.Integer::hashCode (8 bytes)
Event: 0.836 Thread 0x000001aa4e16a370 nmethod 2171 0x000001aa3731d390 code [0x000001aa3731d540, 0x000001aa3731d6a8]
Event: 0.836 Thread 0x000001aa4e16a370 2174       1       java.util.Collections$EmptyMap::get (2 bytes)
Event: 0.836 Thread 0x000001aa4e16a370 nmethod 2174 0x000001aa3eae0510 code [0x000001aa3eae06a0, 0x000001aa3eae0770]
Event: 0.836 Thread 0x000001aa4e16a370 2172       3       java.util.stream.AbstractPipeline::wrapAndCopyInto (18 bytes)
Event: 0.836 Thread 0x000001aa4e16a370 nmethod 2172 0x000001aa3731d790 code [0x000001aa3731d980, 0x000001aa3731dd98]
Event: 0.836 Thread 0x000001aa4e16a370 2173       3       java.util.stream.AbstractPipeline::copyInto (54 bytes)
Event: 0.837 Thread 0x000001aa4e16a370 nmethod 2173 0x000001aa3731df10 code [0x000001aa3731e140, 0x000001aa3731e888]
Event: 0.837 Thread 0x000001aa4e16a370 2163       3       org.springframework.asm.ClassReader::readClass (7 bytes)
Event: 0.837 Thread 0x000001aa4e16a370 nmethod 2163 0x000001aa3731ea90 code [0x000001aa3731ec80, 0x000001aa3731eff0]
Event: 0.837 Thread 0x000001aa4e16a370 2182       3       java.math.BigInteger::<init> (404 bytes)
Event: 0.838 Thread 0x000001aa4e16a370 nmethod 2182 0x000001aa3731f190 code [0x000001aa3731f680, 0x000001aa37321b18]
Event: 0.838 Thread 0x000001aa4e16a370 2188       2       java.util.HashMap::get (19 bytes)

GC Heap History (4 events):
Event: 0.454 GC heap before
{Heap before GC invocations=0 (full 0):
 garbage-first heap   total 262144K, used 20480K [0x0000000701600000, 0x0000000800000000)
  region size 2048K, 11 young (22528K), 0 survivors (0K)
 Metaspace       used 6234K, committed 6400K, reserved 1114112K
  class space    used 724K, committed 768K, reserved 1048576K
}
Event: 0.457 GC heap after
{Heap after GC invocations=1 (full 0):
 garbage-first heap   total 262144K, used 6738K [0x0000000701600000, 0x0000000800000000)
  region size 2048K, 2 young (4096K), 2 survivors (4096K)
 Metaspace       used 6234K, committed 6400K, reserved 1114112K
  class space    used 724K, committed 768K, reserved 1048576K
}
Event: 0.706 GC heap before
{Heap before GC invocations=1 (full 0):
 garbage-first heap   total 262144K, used 29266K [0x0000000701600000, 0x0000000800000000)
  region size 2048K, 14 young (28672K), 2 survivors (4096K)
 Metaspace       used 12679K, committed 12992K, reserved 1114112K
  class space    used 1508K, committed 1664K, reserved 1048576K
}
Event: 0.709 GC heap after
{Heap after GC invocations=2 (full 0):
 garbage-first heap   total 262144K, used 9455K [0x0000000701600000, 0x0000000800000000)
  region size 2048K, 2 young (4096K), 2 survivors (4096K)
 Metaspace       used 12679K, committed 12992K, reserved 1114112K
  class space    used 1508K, committed 1664K, reserved 1048576K
}

Dll operation events (7 events):
Event: 0.008 Loaded shared library C:\Program Files\Java\jdk-21\bin\java.dll
Event: 0.041 Loaded shared library C:\Program Files\Java\jdk-21\bin\jsvml.dll
Event: 0.092 Loaded shared library C:\Program Files\Java\jdk-21\bin\net.dll
Event: 0.094 Loaded shared library C:\Program Files\Java\jdk-21\bin\nio.dll
Event: 0.097 Loaded shared library C:\Program Files\Java\jdk-21\bin\zip.dll
Event: 0.158 Loaded shared library C:\Program Files\Java\jdk-21\bin\jimage.dll
Event: 0.827 Loaded shared library C:\Program Files\Java\jdk-21\bin\sunmscapi.dll

Deoptimization events (20 events):
Event: 0.833 Thread 0x000001aa94198b10 Uncommon trap: trap_request=0xffffffc6 fr.pc=0x000001aa3eab88c4 relative=0x0000000000000364
Event: 0.833 Thread 0x000001aa94198b10 Uncommon trap: reason=bimorphic_or_optimized_type_check action=maybe_recompile pc=0x000001aa3eab88c4 method=java.util.HashMap.getNode(Ljava/lang/Object;)Ljava/util/HashMap$Node; @ 128 c2
Event: 0.833 Thread 0x000001aa94198b10 DEOPT PACKING pc=0x000001aa3eab88c4 sp=0x00000087878fcc50
Event: 0.833 Thread 0x000001aa94198b10 DEOPT UNPACKING pc=0x000001aa3e4b46a2 sp=0x00000087878fcb58 mode 2
Event: 0.833 Thread 0x000001aa94198b10 Uncommon trap: trap_request=0xffffffc6 fr.pc=0x000001aa3eab88c4 relative=0x0000000000000364
Event: 0.833 Thread 0x000001aa94198b10 Uncommon trap: reason=bimorphic_or_optimized_type_check action=maybe_recompile pc=0x000001aa3eab88c4 method=java.util.HashMap.getNode(Ljava/lang/Object;)Ljava/util/HashMap$Node; @ 128 c2
Event: 0.833 Thread 0x000001aa94198b10 DEOPT PACKING pc=0x000001aa3eab88c4 sp=0x00000087878fcc50
Event: 0.833 Thread 0x000001aa94198b10 DEOPT UNPACKING pc=0x000001aa3e4b46a2 sp=0x00000087878fcb58 mode 2
Event: 0.833 Thread 0x000001aa94198b10 Uncommon trap: trap_request=0xffffffc6 fr.pc=0x000001aa3eab88c4 relative=0x0000000000000364
Event: 0.833 Thread 0x000001aa94198b10 Uncommon trap: reason=bimorphic_or_optimized_type_check action=maybe_recompile pc=0x000001aa3eab88c4 method=java.util.HashMap.getNode(Ljava/lang/Object;)Ljava/util/HashMap$Node; @ 128 c2
Event: 0.833 Thread 0x000001aa94198b10 DEOPT PACKING pc=0x000001aa3eab88c4 sp=0x00000087878fcc50
Event: 0.833 Thread 0x000001aa94198b10 DEOPT UNPACKING pc=0x000001aa3e4b46a2 sp=0x00000087878fcb58 mode 2
Event: 0.834 Thread 0x000001aa94198b10 Uncommon trap: trap_request=0xffffffc6 fr.pc=0x000001aa3eab88c4 relative=0x0000000000000364
Event: 0.834 Thread 0x000001aa94198b10 Uncommon trap: reason=bimorphic_or_optimized_type_check action=maybe_recompile pc=0x000001aa3eab88c4 method=java.util.HashMap.getNode(Ljava/lang/Object;)Ljava/util/HashMap$Node; @ 128 c2
Event: 0.834 Thread 0x000001aa94198b10 DEOPT PACKING pc=0x000001aa3eab88c4 sp=0x00000087878fcc50
Event: 0.834 Thread 0x000001aa94198b10 DEOPT UNPACKING pc=0x000001aa3e4b46a2 sp=0x00000087878fcb58 mode 2
Event: 0.834 Thread 0x000001aa94198b10 Uncommon trap: trap_request=0xffffffc6 fr.pc=0x000001aa3ea82bb4 relative=0x0000000000000354
Event: 0.834 Thread 0x000001aa94198b10 Uncommon trap: reason=bimorphic_or_optimized_type_check action=maybe_recompile pc=0x000001aa3ea82bb4 method=java.util.HashMap.getNode(Ljava/lang/Object;)Ljava/util/HashMap$Node; @ 128 c2
Event: 0.834 Thread 0x000001aa94198b10 DEOPT PACKING pc=0x000001aa3ea82bb4 sp=0x00000087878fcbe0
Event: 0.834 Thread 0x000001aa94198b10 DEOPT UNPACKING pc=0x000001aa3e4b46a2 sp=0x00000087878fcb58 mode 2

Classes loaded (20 events):
Event: 0.832 Loading class java/security/spec/AlgorithmParameterSpec
Event: 0.832 Loading class java/security/spec/AlgorithmParameterSpec done
Event: 0.832 Loading class java/security/spec/ECParameterSpec done
Event: 0.832 Loading class sun/security/util/NamedCurve done
Event: 0.832 Loading class sun/security/util/DerOutputStream
Event: 0.832 Loading class sun/security/util/DerEncoder
Event: 0.832 Loading class sun/security/util/DerEncoder done
Event: 0.832 Loading class sun/security/util/DerOutputStream done
Event: 0.833 Loading class sun/security/util/ByteArrayLexOrder
Event: 0.833 Loading class sun/security/util/ByteArrayLexOrder done
Event: 0.833 Loading class sun/security/util/ByteArrayTagOrder
Event: 0.833 Loading class sun/security/util/ByteArrayTagOrder done
Event: 0.833 Loading class sun/security/util/ObjectIdentifier
Event: 0.833 Loading class sun/security/util/ObjectIdentifier done
Event: 0.835 Loading class java/security/spec/ECFieldF2m
Event: 0.835 Loading class java/security/spec/ECFieldF2m done
Event: 0.837 Loading class sun/security/ssl/SunJSSE
Event: 0.837 Loading class sun/security/ssl/SunJSSE done
Event: 0.838 Loading class com/sun/crypto/provider/SunJCE
Event: 0.838 Loading class com/sun/crypto/provider/SunJCE done

Classes unloaded (0 events):
No events

Classes redefined (0 events):
No events

Internal exceptions (20 events):
Event: 0.535 Thread 0x000001aa2c0b86a0 Exception <a 'java/lang/NoSuchMethodError'{0x00000007110f4d60}: 'void java.lang.invoke.DirectMethodHandle$Holder.invokeStaticInit(java.lang.Object, java.lang.Object, java.lang.Object)'> (0x00000007110f4d60) 
thrown [s\open\src\hotspot\share\interpreter\linkResolver.cpp, line 773]
Event: 0.539 Thread 0x000001aa2c0b86a0 Exception <a 'java/lang/NoSuchMethodError'{0x0000000711138968}: 'java.lang.Object java.lang.invoke.DirectMethodHandle$Holder.invokeVirtual(java.lang.Object, java.lang.Object, java.lang.Object)'> (0x0000000711138968) 
thrown [s\open\src\hotspot\share\interpreter\linkResolver.cpp, line 773]
Event: 0.541 Thread 0x000001aa2c0b86a0 Exception <a 'java/lang/NoSuchMethodError'{0x00000007111579e0}: 'java.lang.Object java.lang.invoke.DirectMethodHandle$Holder.invokeStatic(java.lang.Object, long, java.lang.Object)'> (0x00000007111579e0) 
thrown [s\open\src\hotspot\share\interpreter\linkResolver.cpp, line 773]
Event: 0.541 Thread 0x000001aa2c0b86a0 Exception <a 'java/lang/NoSuchMethodError'{0x000000071115b038}: 'java.lang.Object java.lang.invoke.DirectMethodHandle$Holder.invokeStaticInit(java.lang.Object, long, java.lang.Object)'> (0x000000071115b038) 
thrown [s\open\src\hotspot\share\interpreter\linkResolver.cpp, line 773]
Event: 0.541 Thread 0x000001aa2c0b86a0 Exception <a 'java/lang/NoSuchMethodError'{0x0000000711160818}: 'java.lang.Object java.lang.invoke.DirectMethodHandle$Holder.newInvokeSpecial(java.lang.Object, long)'> (0x0000000711160818) 
thrown [s\open\src\hotspot\share\interpreter\linkResolver.cpp, line 773]
Event: 0.550 Thread 0x000001aa2c0b86a0 Exception <a 'java/lang/NoSuchMethodError'{0x00000007111b7200}: 'void java.lang.invoke.DirectMethodHandle$Holder.invokeVirtual(java.lang.Object, java.lang.Object, java.lang.Object, java.lang.Object)'> (0x00000007111b7200) 
thrown [s\open\src\hotspot\share\interpreter\linkResolver.cpp, line 773]
Event: 0.572 Thread 0x000001aa2c0b86a0 Exception <a 'java/lang/NoSuchMethodError'{0x0000000710ee9f18}: 'void java.lang.invoke.DirectMethodHandle$Holder.invokeSpecial(java.lang.Object, java.lang.Object, java.lang.Object)'> (0x0000000710ee9f18) 
thrown [s\open\src\hotspot\share\interpreter\linkResolver.cpp, line 773]
Event: 0.576 Thread 0x000001aa2c0b86a0 Exception <a 'java/lang/IncompatibleClassChangeError'{0x0000000710f3ee98}: Found class java.lang.Object, but interface was expected> (0x0000000710f3ee98) 
thrown [s\open\src\hotspot\share\interpreter\linkResolver.cpp, line 840]
Event: 0.576 Thread 0x000001aa94198b10 Exception <a 'java/lang/NoClassDefFoundError'{0x0000000710f202c8}: jakarta/validation/Validation> (0x0000000710f202c8) 
thrown [s\open\src\hotspot\share\classfile\systemDictionary.cpp, line 301]
Event: 0.578 Thread 0x000001aa2c0b86a0 Exception <a 'java/lang/NoSuchMethodError'{0x0000000710f52c28}: 'java.lang.Object java.lang.invoke.DirectMethodHandle$Holder.invokeStaticInit(java.lang.Object, int)'> (0x0000000710f52c28) 
thrown [s\open\src\hotspot\share\interpreter\linkResolver.cpp, line 773]
Event: 0.580 Thread 0x000001aa2c0b86a0 Exception <a 'java/lang/NoSuchMethodError'{0x0000000710f5cdc0}: 'java.lang.Object java.lang.invoke.DirectMethodHandle$Holder.invokeStatic(java.lang.Object, int, java.lang.Object)'> (0x0000000710f5cdc0) 
thrown [s\open\src\hotspot\share\interpreter\linkResolver.cpp, line 773]
Event: 0.580 Thread 0x000001aa2c0b86a0 Exception <a 'java/lang/NoSuchMethodError'{0x0000000710f60410}: 'java.lang.Object java.lang.invoke.DirectMethodHandle$Holder.invokeStaticInit(java.lang.Object, int, java.lang.Object)'> (0x0000000710f60410) 
thrown [s\open\src\hotspot\share\interpreter\linkResolver.cpp, line 773]
Event: 0.752 Thread 0x000001aa2c0b86a0 Exception <a 'java/lang/NoSuchMethodError'{0x0000000710ebfe90}: 'int java.lang.invoke.DirectMethodHandle$Holder.invokeSpecial(java.lang.Object, java.lang.Object, java.lang.Object, java.lang.Object, java.lang.Object)'> (0x0000000710ebfe90) 
thrown [s\open\src\hotspot\share\interpreter\linkResolver.cpp, line 773]
Event: 0.753 Thread 0x000001aa2c0b86a0 Exception <a 'java/lang/NoSuchMethodError'{0x0000000710ec7ed8}: 'void java.lang.invoke.DirectMethodHandle$Holder.invokeVirtual(java.lang.Object, java.lang.Object)'> (0x0000000710ec7ed8) 
thrown [s\open\src\hotspot\share\interpreter\linkResolver.cpp, line 773]
Event: 0.768 Thread 0x000001aa94198b10 Exception <a 'java/lang/NoSuchMethodError'{0x0000000710a167e8}: 'long java.lang.invoke.DirectMethodHandle$Holder.invokeSpecial(java.lang.Object, java.lang.Object)'> (0x0000000710a167e8) 
thrown [s\open\src\hotspot\share\interpreter\linkResolver.cpp, line 773]
Event: 0.770 Thread 0x000001aa94198b10 Exception <a 'java/lang/NoSuchMethodError'{0x0000000710a200c8}: 'long java.lang.invoke.DirectMethodHandle$Holder.invokeStatic(java.lang.Object, java.lang.Object)'> (0x0000000710a200c8) 
thrown [s\open\src\hotspot\share\interpreter\linkResolver.cpp, line 773]
Event: 0.770 Thread 0x000001aa94198b10 Exception <a 'java/lang/NoSuchMethodError'{0x0000000710a23180}: 'long java.lang.invoke.DirectMethodHandle$Holder.invokeStaticInit(java.lang.Object, java.lang.Object)'> (0x0000000710a23180) 
thrown [s\open\src\hotspot\share\interpreter\linkResolver.cpp, line 773]
Event: 0.771 Thread 0x000001aa94198b10 Exception <a 'java/lang/NoSuchMethodError'{0x0000000710a93c10}: 'long java.lang.invoke.DirectMethodHandle$Holder.invokeInterface(java.lang.Object, java.lang.Object)'> (0x0000000710a93c10) 
thrown [s\open\src\hotspot\share\interpreter\linkResolver.cpp, line 773]
Event: 0.771 Thread 0x000001aa94198b10 Exception <a 'java/lang/IncompatibleClassChangeError'{0x0000000710a96c10}: Found class java.lang.Object, but interface was expected> (0x0000000710a96c10) 
thrown [s\open\src\hotspot\share\interpreter\linkResolver.cpp, line 840]
Event: 0.773 Thread 0x000001aa94198b10 Exception <a 'java/lang/NoSuchMethodError'{0x0000000710aadcf0}: 'java.lang.Object java.lang.invoke.DirectMethodHandle$Holder.invokeVirtual(java.lang.Object, java.lang.Object, java.lang.Object, java.lang.Object)'> (0x0000000710aadcf0) 
thrown [s\open\src\hotspot\share\interpreter\linkResolver.cpp, line 773]

ZGC Phase Switch (0 events):
No events

VM Operations (20 events):
Event: 0.498 Executing VM operation: HandshakeAllThreads (Deoptimize)
Event: 0.498 Executing VM operation: HandshakeAllThreads (Deoptimize) done
Event: 0.567 Executing VM operation: HandshakeAllThreads (Deoptimize)
Event: 0.567 Executing VM operation: HandshakeAllThreads (Deoptimize) done
Event: 0.569 Executing VM operation: HandshakeAllThreads (Deoptimize)
Event: 0.569 Executing VM operation: HandshakeAllThreads (Deoptimize) done
Event: 0.658 Executing VM operation: ICBufferFull
Event: 0.658 Executing VM operation: ICBufferFull done
Event: 0.670 Executing VM operation: HandshakeAllThreads (Deoptimize)
Event: 0.670 Executing VM operation: HandshakeAllThreads (Deoptimize) done
Event: 0.706 Executing VM operation: G1CollectForAllocation (G1 Evacuation Pause)
Event: 0.709 Executing VM operation: G1CollectForAllocation (G1 Evacuation Pause) done
Event: 0.713 Executing VM operation: HandshakeAllThreads (Deoptimize)
Event: 0.713 Executing VM operation: HandshakeAllThreads (Deoptimize) done
Event: 0.741 Executing VM operation: HandshakeAllThreads (Deoptimize)
Event: 0.742 Executing VM operation: HandshakeAllThreads (Deoptimize) done
Event: 0.801 Executing VM operation: HandshakeAllThreads (Deoptimize)
Event: 0.801 Executing VM operation: HandshakeAllThreads (Deoptimize) done
Event: 0.832 Executing VM operation: HandshakeAllThreads (Deoptimize)
Event: 0.833 Executing VM operation: HandshakeAllThreads (Deoptimize) done

Events (14 events):
Event: 0.024 Thread 0x000001aa2c0b86a0 Thread added: 0x000001aa2c0b86a0
Event: 0.039 Thread 0x000001aa4e151e50 Thread added: 0x000001aa4e151e50
Event: 0.039 Thread 0x000001aa4e153a90 Thread added: 0x000001aa4e153a90
Event: 0.040 Thread 0x000001aa4e157570 Thread added: 0x000001aa4e157570
Event: 0.040 Thread 0x000001aa4e1591e0 Thread added: 0x000001aa4e1591e0
Event: 0.040 Thread 0x000001aa4e15d3f0 Thread added: 0x000001aa4e15d3f0
Event: 0.040 Thread 0x000001aa4e161e20 Thread added: 0x000001aa4e161e20
Event: 0.040 Thread 0x000001aa4e164c10 Thread added: 0x000001aa4e164c10
Event: 0.040 Thread 0x000001aa4e16a370 Thread added: 0x000001aa4e16a370
Event: 0.083 Thread 0x000001aa4e2ef060 Thread added: 0x000001aa4e2ef060
Event: 0.088 Thread 0x000001aa4e3038c0 Thread added: 0x000001aa4e3038c0
Event: 0.120 Thread 0x000001aa4e524ef0 Thread added: 0x000001aa4e524ef0
Event: 0.574 Thread 0x000001aa94198b10 Thread added: 0x000001aa94198b10
Event: 0.578 Thread 0x000001aa4e526360 Thread added: 0x000001aa4e526360


Dynamic libraries:
0x00007ff6139a0000 - 0x00007ff6139b0000 	C:\Program Files\Java\jdk-21\bin\javaw.exe
0x00007ffe69690000 - 0x00007ffe698a7000 	C:\WINDOWS\SYSTEM32\ntdll.dll
0x00007ffe67c60000 - 0x00007ffe67d24000 	C:\WINDOWS\System32\KERNEL32.DLL
0x00007ffe66cc0000 - 0x00007ffe6706c000 	C:\WINDOWS\System32\KERNELBASE.dll
0x00007ffe67140000 - 0x00007ffe67251000 	C:\WINDOWS\System32\ucrtbase.dll
0x00007ffe5c340000 - 0x00007ffe5c359000 	C:\Program Files\Java\jdk-21\bin\jli.dll
0x00007ffe60550000 - 0x00007ffe6056b000 	C:\Program Files\Java\jdk-21\bin\VCRUNTIME140.dll
0x00007ffe67430000 - 0x00007ffe674e2000 	C:\WINDOWS\System32\ADVAPI32.dll
0x00007ffe69340000 - 0x00007ffe693e7000 	C:\WINDOWS\System32\msvcrt.dll
0x00007ffe67ef0000 - 0x00007ffe67f9a000 	C:\WINDOWS\System32\sechost.dll
0x00007ffe67110000 - 0x00007ffe67138000 	C:\WINDOWS\System32\bcrypt.dll
0x00007ffe69430000 - 0x00007ffe69545000 	C:\WINDOWS\System32\RPCRT4.dll
0x00007ffe67d30000 - 0x00007ffe67ede000 	C:\WINDOWS\System32\USER32.dll
0x00007ffe66a80000 - 0x00007ffe66aa6000 	C:\WINDOWS\System32\win32u.dll
0x00007ffe68600000 - 0x00007ffe68629000 	C:\WINDOWS\System32\GDI32.dll
0x00007ffe4c810000 - 0x00007ffe4caa3000 	C:\WINDOWS\WinSxS\amd64_microsoft.windows.common-controls_6595b64144ccf1df_6.0.22621.3672_none_2713b9d173822955\COMCTL32.dll
0x00007ffe66ab0000 - 0x00007ffe66bc9000 	C:\WINDOWS\System32\gdi32full.dll
0x00007ffe67070000 - 0x00007ffe6710a000 	C:\WINDOWS\System32\msvcp_win.dll
0x00007ffe5e850000 - 0x00007ffe5e85a000 	C:\WINDOWS\SYSTEM32\VERSION.dll
0x00007ffe693f0000 - 0x00007ffe69421000 	C:\WINDOWS\System32\IMM32.DLL
0x00007ffe589a0000 - 0x00007ffe58b0b000 	C:\WINDOWS\system32\tmumh\20019\AddOn\8.55.0.1134\TmUmEvt64.dll
0x00007ffe67fa0000 - 0x00007ffe67fa8000 	C:\WINDOWS\System32\PSAPI.DLL
0x000000005f560000 - 0x000000005f6ee000 	C:\WINDOWS\system32\tmumh\20019\TmMon\2.9.0.1100\tmmon64.dll
0x00007ffe62690000 - 0x00007ffe6269c000 	C:\Program Files\Java\jdk-21\bin\vcruntime140_1.dll
0x00007ffe4e430000 - 0x00007ffe4e4be000 	C:\Program Files\Java\jdk-21\bin\msvcp140.dll
0x00007ffda9780000 - 0x00007ffdaa495000 	C:\Program Files\Java\jdk-21\bin\server\jvm.dll
0x00007ffe67740000 - 0x00007ffe677b1000 	C:\WINDOWS\System32\WS2_32.dll
0x00007ffe66210000 - 0x00007ffe6625d000 	C:\WINDOWS\SYSTEM32\POWRPROF.dll
0x00007ffe60090000 - 0x00007ffe600c4000 	C:\WINDOWS\SYSTEM32\WINMM.dll
0x00007ffe661f0000 - 0x00007ffe66203000 	C:\WINDOWS\SYSTEM32\UMPDC.dll
0x00007ffe659f0000 - 0x00007ffe65a08000 	C:\WINDOWS\SYSTEM32\kernel.appcore.dll
0x00007ffe62640000 - 0x00007ffe6264a000 	C:\Program Files\Java\jdk-21\bin\jimage.dll
0x00007ffe63be0000 - 0x00007ffe63e12000 	C:\WINDOWS\SYSTEM32\DBGHELP.DLL
0x00007ffe68090000 - 0x00007ffe68418000 	C:\WINDOWS\System32\combase.dll
0x00007ffe67fb0000 - 0x00007ffe68087000 	C:\WINDOWS\System32\OLEAUT32.dll
0x00007ffe51840000 - 0x00007ffe51872000 	C:\WINDOWS\SYSTEM32\dbgcore.DLL
0x00007ffe66bd0000 - 0x00007ffe66c4b000 	C:\WINDOWS\System32\bcryptPrimitives.dll
0x00007ffe5c290000 - 0x00007ffe5c2af000 	C:\Program Files\Java\jdk-21\bin\java.dll
0x00007ffe68630000 - 0x00007ffe68e8c000 	C:\WINDOWS\System32\SHELL32.dll
0x00007ffe64910000 - 0x00007ffe65207000 	C:\WINDOWS\SYSTEM32\windows.storage.dll
0x00007ffe647d0000 - 0x00007ffe6490f000 	C:\WINDOWS\SYSTEM32\wintypes.dll
0x00007ffe69550000 - 0x00007ffe69644000 	C:\WINDOWS\System32\SHCORE.dll
0x00007ffe673d0000 - 0x00007ffe6742e000 	C:\WINDOWS\System32\shlwapi.dll
0x00007ffe668f0000 - 0x00007ffe66911000 	C:\WINDOWS\SYSTEM32\profapi.dll
0x00007ffe32060000 - 0x00007ffe32137000 	C:\Program Files\Java\jdk-21\bin\jsvml.dll
0x00007ffe61dd0000 - 0x00007ffe61de0000 	C:\Program Files\Java\jdk-21\bin\net.dll
0x00007ffe62340000 - 0x00007ffe62476000 	C:\WINDOWS\SYSTEM32\WINHTTP.dll
0x00007ffe65e60000 - 0x00007ffe65ec9000 	C:\WINDOWS\system32\mswsock.dll
0x00007ffe5c1a0000 - 0x00007ffe5c1b6000 	C:\Program Files\Java\jdk-21\bin\nio.dll
0x00007ffe5c180000 - 0x00007ffe5c198000 	C:\Program Files\Java\jdk-21\bin\zip.dll
0x00007ffe5f860000 - 0x00007ffe5f86e000 	C:\Program Files\Java\jdk-21\bin\sunmscapi.dll
0x00007ffe67260000 - 0x00007ffe673c7000 	C:\WINDOWS\System32\CRYPT32.dll
0x00007ffe66350000 - 0x00007ffe6637e000 	C:\WINDOWS\SYSTEM32\ncrypt.dll
0x00007ffe66310000 - 0x00007ffe66347000 	C:\WINDOWS\SYSTEM32\NTASN1.dll

dbghelp: loaded successfully - version: 4.0.5 - missing functions: none
symbol engine: initialized successfully - sym options: 0x614 - pdb path: .;C:\Program Files\Java\jdk-21\bin;C:\WINDOWS\SYSTEM32;C:\WINDOWS\WinSxS\amd64_microsoft.windows.common-controls_6595b64144ccf1df_6.0.22621.3672_none_2713b9d173822955;C:\WINDOWS\system32\tmumh\20019\AddOn\8.55.0.1134;C:\WINDOWS\system32\tmumh\20019\TmMon\2.9.0.1100;C:\Program Files\Java\jdk-21\bin\server

VM Arguments:
jvm_args: -Dfile.encoding=UTF-8 -Dstdout.encoding=UTF-8 -Dstderr.encoding=UTF-8 -XX:+ShowCodeDetailsInExceptionMessages 
java_command: com.talent.EsunSprintBootApplication
java_class_path (initial): D:\esun-spring-boot\target\classes;C:\Users\s9502\.m2\repository\org\springframework\boot\spring-boot-starter-web\3.3.1\spring-boot-starter-web-3.3.1.jar;C:\Users\s9502\.m2\repository\org\springframework\boot\spring-boot-starter\3.3.1\spring-boot-starter-3.3.1.jar;C:\Users\s9502\.m2\repository\org\springframework\boot\spring-boot\3.3.1\spring-boot-3.3.1.jar;C:\Users\s9502\.m2\repository\org\springframework\boot\spring-boot-autoconfigure\3.3.1\spring-boot-autoconfigure-3.3.1.jar;C:\Users\s9502\.m2\repository\org\springframework\boot\spring-boot-starter-logging\3.3.1\spring-boot-starter-logging-3.3.1.jar;C:\Users\s9502\.m2\repository\ch\qos\logback\logback-classic\1.5.6\logback-classic-1.5.6.jar;C:\Users\s9502\.m2\repository\ch\qos\logback\logback-core\1.5.6\logback-core-1.5.6.jar;C:\Users\s9502\.m2\repository\org\apache\logging\log4j\log4j-to-slf4j\2.23.1\log4j-to-slf4j-2.23.1.jar;C:\Users\s9502\.m2\repository\org\apache\logging\log4j\log4j-api\2.23.1\log4j-api-2.23.1.jar;C:\Users\s9502\.m2\repository\org\slf4j\jul-to-slf4j\2.0.13\jul-to-slf4j-2.0.13.jar;C:\Users\s9502\.m2\repository\jakarta\annotation\jakarta.annotation-api\2.1.1\jakarta.annotation-api-2.1.1.jar;C:\Users\s9502\.m2\repository\org\yaml\snakeyaml\2.2\snakeyaml-2.2.jar;C:\Users\s9502\.m2\repository\org\springframework\boot\spring-boot-starter-json\3.3.1\spring-boot-starter-json-3.3.1.jar;C:\Users\s9502\.m2\repository\com\fasterxml\jackson\datatype\jackson-datatype-jdk8\2.17.1\jackson-datatype-jdk8-2.17.1.jar;C:\Users\s9502\.m2\repository\com\fasterxml\jackson\datatype\jackson-datatype-jsr310\2.17.1\jackson-datatype-jsr310-2.17.1.jar;C:\Users\s9502\.m2\repository\com\fasterxml\jackson\module\jackson-module-parameter-names\2.17.1\jackson-module-parameter-names-2.17.1.jar;C:\Users\s9502\.m2\repository\org\springframework\boot\spring-boot-starter-tomcat\3.3.1\spring-boot-starter-tomcat-3.3.1.jar;C:\Users\s9502\.m2\repository\org\apache\tomcat\embed\tomcat-embed-core\10.1.25\tomcat-embed-core-10.1.25.jar;C:\Users\s9502\.m2\repository\org\apache\tomcat\embed\tomcat-embed-el\10.1.25\tomcat-embed-el-10.1.25.jar;C:\Users\s9502\.m2\repository\org\apache\tomcat\embed\tomcat-embed-websocket\10.1.25\tomcat-embed-websocket-10.1.25.jar;C:\Users\s9502\.m2\repository\org\springframework\spring-web\6.1.10\spring-web-6.1.10.jar;C:\Users\s9502\.m2\repository\org\springframework\spring-beans\6.1.10\spring-beans-6.1.10.jar;C:\Users\s9502\.m2\repository\io\micrometer\micrometer-observation\1.13.1\micrometer-observation-1.13.1.jar;C:\Users\s9502\.m2\repository\io\micrometer\micrometer-commons\1.13.1\micrometer-commons-1.13.1.jar;C:\Users\s9502\.m2\repository\org\springframework\spring-webmvc\6.1.10\spring-webmvc-6.1.10.jar;C:\Users\s9502\.m2\repository\org\springframework\spring-context\6.1.10\spring-context-6.1.10.jar;C:\Users\s9502\.m2\repository\org\springframework\spring-expression\6.1.10\spring-expression-6.1.10.jar;C:\Users\s9502\.m2\repository\org\slf4j\slf4j-api\2.0.13\slf4j-api-2.0.13.jar;C:\Users\s9502\.m2\repository\jakarta\xml\bind\jakarta.xml.bind-api\4.0.2\jakarta.xml.bind-api-4.0.2.jar;C:\Users\s9502\.m2\repository\jakarta\activation\jakarta.activation-api\2.1.3\jakarta.activation-api-2.1.3.jar;C:\Users\s9502\.m2\repository\net\bytebuddy\byte-buddy\1.14.17\byte-buddy-1.14.17.jar;C:\Users\s9502\.m2\repository\org\springframework\spring-core\6.1.10\spring-core-6.1.10.jar;C:\Users\s9502\.m2\repository\org\springframework\spring-jcl\6.1.10\spring-jcl-6.1.10.jar;C:\Users\s9502\.m2\repository\javax\annotation\javax.annotation-api\1.3.2\javax.annotation-api-1.3.2.jar;C:\Users\s9502\.m2\repository\org\springframework\boot\spring-boot-starter-aop\3.3.1\spring-boot-starter-aop-3.3.1.jar;C:\Users\s9502\.m2\repository\org\springframework\spring-aop\6.1.10\spring-aop-6.1.10.jar;C:\Users\s9502\.m2\repository\org\aspectj\aspectjweaver\1.9.22\aspectjweaver-1.9.22.jar;C:\Users\s9502\.m2\repository\com\mysql\mysql-connector-j\8.3.0\mysql-connector-j-8.3.0.jar;C:\Users\s9502\.m2\repository\org\springframework\boot\spring-boot-starter-data-jpa\3.3.1\spring-boot-starter-data-jpa-3.3.1.jar;C:\Users\s9502\.m2\repository\org\springframework\boot\spring-boot-starter-jdbc\3.3.1\spring-boot-starter-jdbc-3.3.1.jar;C:\Users\s9502\.m2\repository\com\zaxxer\HikariCP\5.1.0\HikariCP-5.1.0.jar;C:\Users\s9502\.m2\repository\org\springframework\spring-jdbc\6.1.10\spring-jdbc-6.1.10.jar;C:\Users\s9502\.m2\repository\org\hibernate\orm\hibernate-core\6.5.2.Final\hibernate-core-6.5.2.Final.jar;C:\Users\s9502\.m2\repository\jakarta\persistence\jakarta.persistence-api\3.1.0\jakarta.persistence-api-3.1.0.jar;C:\Users\s9502\.m2\repository\jakarta\transaction\jakarta.transaction-api\2.0.1\jakarta.transaction-api-2.0.1.jar;C:\Users\s9502\.m2\repository\org\jboss\logging\jboss-logging\3.5.3.Final\jboss-logging-3.5.3.Final.jar;C:\Users\s9502\.m2\repository\org\hibernate\common\hibernate-commons-annotations\6.0.6.Final\hibernate-commons-annotations-6.0.6.Final.jar;C:\Users\s9502\.m2\repository\io\smallrye\jandex\3.1.2\jandex-3.1.2.jar;C:\Users\s9502\.m2\repository\com\fasterxml\classmate\1.7.0\classmate-1.7.0.jar;C:\Users\s9502\.m2\repository\org\glassfish\jaxb\jaxb-runtime\4.0.5\jaxb-runtime-4.0.5.jar;C:\Users\s9502\.m2\repository\org\glassfish\jaxb\jaxb-core\4.0.5\jaxb-core-4.0.5.jar;C:\Users\s9502\.m2\repository\org\eclipse\angus\angus-activation\2.0.2\angus-activation-2.0.2.jar;C:\Users\s9502\.m2\repository\org\glassfish\jaxb\txw2\4.0.5\txw2-4.0.5.jar;C:\Users\s9502\.m2\repository\com\sun\istack\istack-commons-runtime\4.1.2\istack-commons-runtime-4.1.2.jar;C:\Users\s9502\.m2\repository\jakarta\inject\jakarta.inject-api\2.0.1\jakarta.inject-api-2.0.1.jar;C:\Users\s9502\.m2\repository\org\antlr\antlr4-runtime\4.13.0\antlr4-runtime-4.13.0.jar;C:\Users\s9502\.m2\repository\org\springframework\data\spring-data-jpa\3.3.1\spring-data-jpa-3.3.1.jar;C:\Users\s9502\.m2\repository\org\springframework\data\spring-data-commons\3.3.1\spring-data-commons-3.3.1.jar;C:\Users\s9502\.m2\repository\org\springframework\spring-orm\6.1.10\spring-orm-6.1.10.jar;C:\Users\s9502\.m2\repository\org\springframework\spring-tx\6.1.10\spring-tx-6.1.10.jar;C:\Users\s9502\.m2\repository\org\springframework\spring-aspects\6.1.10\spring-aspects-6.1.10.jar;C:\Users\s9502\.m2\repository\org\springframework\boot\spring-boot-starter-security\3.3.1\spring-boot-starter-security-3.3.1.jar;C:\Users\s9502\.m2\repository\org\springframework\security\spring-security-config\6.3.1\spring-security-config-6.3.1.jar;C:\Users\s9502\.m2\repository\org\springframework\security\spring-security-core\6.3.1\spring-security-core-6.3.1.jar;C:\Users\s9502\.m2\repository\org\springframework\security\spring-security-crypto\6.3.1\spring-security-crypto-6.3.1.jar;C:\Users\s9502\.m2\repository\org\springframework\security\spring-security-web\6.3.1\spring-security-web-6.3.1.jar;C:\Users\s9502\.m2\repository\io\jsonwebtoken\jjwt-api\0.11.5\jjwt-api-0.11.5.jar;C:\Users\s9502\.m2\repository\io\jsonwebtoken\jjwt-impl\0.11.5\jjwt-impl-0.11.5.jar;C:\Users\s9502\.m2\repository\io\jsonwebtoken\jjwt-jackson\0.11.5\jjwt-jackson-0.11.5.jar;C:\Users\s9502\.m2\repository\com\fasterxml\jackson\core\jackson-databind\2.17.1\jackson-databind-2.17.1.jar;C:\Users\s9502\.m2\repository\com\fasterxml\jackson\core\jackson-annotations\2.17.1\jackson-annotations-2.17.1.jar;C:\Users\s9502\.m2\repository\com\fasterxml\jackson\core\jackson-core\2.17.1\jackson-core-2.17.1.jar
Launcher Type: SUN_STANDARD

[Global flags]
     intx CICompilerCount                          = 4                                         {product} {ergonomic}
     uint ConcGCThreads                            = 3                                         {product} {ergonomic}
     uint G1ConcRefinementThreads                  = 10                                        {product} {ergonomic}
   size_t G1HeapRegionSize                         = 2097152                                   {product} {ergonomic}
    uintx GCDrainStackTargetSize                   = 64                                        {product} {ergonomic}
   size_t InitialHeapSize                          = 268435456                                 {product} {ergonomic}
   size_t MarkStackSize                            = 4194304                                   {product} {ergonomic}
   size_t MaxHeapSize                              = 4271898624                                {product} {ergonomic}
   size_t MaxNewSize                               = 2562719744                                {product} {ergonomic}
   size_t MinHeapDeltaBytes                        = 2097152                                   {product} {ergonomic}
   size_t MinHeapSize                              = 8388608                                   {product} {ergonomic}
    uintx NonNMethodCodeHeapSize                   = 5839372                                {pd product} {ergonomic}
    uintx NonProfiledCodeHeapSize                  = 122909434                              {pd product} {ergonomic}
    uintx ProfiledCodeHeapSize                     = 122909434                              {pd product} {ergonomic}
    uintx ReservedCodeCacheSize                    = 251658240                              {pd product} {ergonomic}
     bool SegmentedCodeCache                       = true                                      {product} {ergonomic}
     bool ShowCodeDetailsInExceptionMessages       = true                                   {manageable} {command line}
   size_t SoftMaxHeapSize                          = 4271898624                             {manageable} {ergonomic}
     bool UseCompressedOops                        = true                           {product lp64_product} {ergonomic}
     bool UseG1GC                                  = true                                      {product} {ergonomic}
     bool UseLargePagesIndividualAllocation        = false                                  {pd product} {ergonomic}

Logging:
Log output configuration:
 #0: stdout all=warning uptime,level,tags foldmultilines=false
 #1: stderr all=off uptime,level,tags foldmultilines=false

Environment Variables:
JAVA_HOME=C:\Program Files\Java\jdk-21
PATH=C:\Users\s9502\AppData\Local\Programs\Python\Python311\Scripts\;C:\Users\s9502\AppData\Local\Programs\Python\Python311\;C:\Program Files\Common Files\Oracle\Java\javapath;C:\Program Files\NVIDIA GPU Computing Toolkit\CUDA\v11.6\bin;C:\Program Files\NVIDIA GPU Computing Toolkit\CUDA\v11.6\libnvvp;C:\Windows\system32;C:\Windows;C:\Windows\System32\Wbem;C:\Windows\System32\WindowsPowerShell\v1.0\;C:\Windows\System32\OpenSSH\;C:\Program Files (x86)\NVIDIA Corporation\PhysX\Common;C:\Program Files\NVIDIA Corporation\NVIDIA NvDLISR;C:\WINDOWS\system32;C:\WINDOWS;C:\WINDOWS\System32\Wbem;C:\WINDOWS\System32\WindowsPowerShell\v1.0\;C:\WINDOWS\System32\OpenSSH\;C:\Program Files\NVIDIA Corporation\Nsight Compute 2022.1.1\;D:\ZIP;C:\Users\s9502\AppData\Local\Programs\Python\Python311\Lib\site-packages\django\bin;D:\Git\cmd;C:\Program Files\TortoiseGit\bin;C:\Program Files\nodejs\;C:\WINDOWS\system32;C:\WINDOWS;C:\WINDOWS\System32\Wbem;C:\WINDOWS\System32\WindowsPowerShell\v1.0\;C:\WINDOWS\System32\OpenSSH\;D:\xampp\php;C:\ProgramData\ComposerSetup\bin;C:\Program Files\Java\jdk-21\bin;D:\Git LFS;D:\netcat-win32-1.12;C:\Program Files\dotnet\;D:\PuTTY\;C:\Program Files\Microsoft SQL Server\150\Tools\Binn\;C:\Program Files\Microsoft SQL Server\Client SDK\ODBC\170\Tools\Binn\;C:\Program Files\MySQL\MySQL Shell 8.0\bin\;C:\Users\s9502\AppData\Local\Microsoft\WindowsApps;D:\Microsoft VS Code\bin;D:\PyCharm Community Edition 2024.1.2\bin;;C:\Users\s9502\AppData\Roaming\npm;C:\Users\s9502\AppData\Roaming\Composer\vendor\bin;C:\Users\s9502\AppData\Local\Pandoc\;C:\Program Files\Java\jdk-21;C:\Program Files\Java\jdk-21\bin;D:\johntheripper\run;C:\Users\s9502\.dotnet\tools
USERNAME=s9502
OS=Windows_NT
PROCESSOR_IDENTIFIER=Intel64 Family 6 Model 165 Stepping 2, GenuineIntel
TMP=C:\Users\s9502\AppData\Local\Temp
TEMP=C:\Users\s9502\AppData\Local\Temp




Periodic native trim disabled

---------------  S Y S T E M  ---------------

OS:
 Windows 11 , 64 bit Build 22621 (10.0.22621.3672)
OS uptime: 1 days 22:37 hours

CPU: total 12 (initial active 12) (6 cores per cpu, 2 threads per core) family 6 model 165 stepping 2 microcode 0xe0, cx8, cmov, fxsr, ht, mmx, 3dnowpref, sse, sse2, sse3, ssse3, sse4.1, sse4.2, popcnt, lzcnt, tsc, tscinvbit, avx, avx2, aes, erms, clmul, bmi1, bmi2, adx, fma, vzeroupper, clflush, clflushopt, rdtscp, f16c, pku
Processor Information for all 12 processors :
  Max Mhz: 2592, Current Mhz: 2592, Mhz Limit: 2592

Memory: 4k page, system-wide physical 16291M (1870M free)
TotalPageFile size 32093M (AvailPageFile size 3M)
current process WorkingSet (physical memory assigned to process): 125M, peak: 125M
current process commit charge ("private bytes"): 392M, peak: 392M

vm_info: Java HotSpot(TM) 64-Bit Server VM (21.0.1+12-LTS-29) for windows-amd64 JRE (21.0.1+12-LTS-29), built on 2023-10-05T13:27:09Z by "mach5one" with MS VC++ 17.1 (VS2022)

END.
